05-03 18:52:01 replicate_layout.action_replicate_layout 305:Plugin executed on: 'win32'
05-03 18:52:01 replicate_layout.action_replicate_layout 306:Plugin executed with python version: '2.7.18 (default, Apr 20 2020, 16:57:11)  [GCC 9.3.0 64 bit (AMD64)]'
05-03 18:52:01 replicate_layout.action_replicate_layout 307:KiCad build version: (5.1.9)-1
05-03 18:52:01 replicate_layout.action_replicate_layout 308:Replicate layout plugin version: 70 started
05-03 18:52:01 replicate_layout.action_replicate_layout 340:Preparing replicator with J13 as a reference
05-03 18:52:01 replicate_layout.replicatelayout 215:getting project hierarchy from schematics
05-03 18:52:01 replicate_layout.replicatelayout 217:Project hierarchy looks like:
{u'607938CE': [u'RS485Tranceiver2', u'C:\\Users\\Soeren\\Documents\\GitHub\\AR2ISS\\AR2ISS_AntCTL_HW\\RS485Tranceiver.sch'], u'60795F15': [u'RS485Tranceiver3', u'C:\\Users\\Soeren\\Documents\\GitHub\\AR2ISS\\AR2ISS_AntCTL_HW\\RS485Tranceiver.sch'], u'60727BD1': [u'RS485Tranceiver1', u'C:\\Users\\Soeren\\Documents\\GitHub\\AR2ISS\\AR2ISS_AntCTL_HW\\RS485Tranceiver.sch'], u'60679D69': [u'IOExpander2', u'C:\\Users\\Soeren\\Documents\\GitHub\\AR2ISS\\AR2ISS_AntCTL_HW\\IOExpander.sch'], u'607E0323': [u'HF_Ctrl', u'C:\\Users\\Soeren\\Documents\\GitHub\\AR2ISS\\AR2ISS_AntCTL_HW\\HF_Ctrl.sch'], u'6083C74D': [u'OD_Output2', u'C:\\Users\\Soeren\\Documents\\GitHub\\AR2ISS\\AR2ISS_AntCTL_HW\\OpenDrain.sch'], u'6083D1F7': [u'OD_Output4', u'C:\\Users\\Soeren\\Documents\\GitHub\\AR2ISS\\AR2ISS_AntCTL_HW\\OpenDrain.sch'], u'60999526': [u'filter', u'C:\\Users\\Soeren\\Documents\\GitHub\\AR2ISS\\AR2ISS_AntCTL_HW\\filter.sch'], u'607267A8': [u'IOExpander', u'C:\\Users\\Soeren\\Documents\\GitHub\\AR2ISS\\AR2ISS_AntCTL_HW\\IOExpander.sch'], u'6072829D': [u'RS422', u'C:\\Users\\Soeren\\Documents\\GitHub\\AR2ISS\\AR2ISS_AntCTL_HW\\RS422.sch'], u'606DDE00': [u'Microcontroller', u'C:\\Users\\Soeren\\Documents\\GitHub\\AR2ISS\\AR2ISS_AntCTL_HW\\Microcontroller.sch'], u'60660B68': [u'PowerSupply', u'C:\\Users\\Soeren\\Documents\\GitHub\\AR2ISS\\AR2ISS_AntCTL_HW\\PowerSupply.sch'], u'60797D2F': [u'RS485Tranceiver4', u'C:\\Users\\Soeren\\Documents\\GitHub\\AR2ISS\\AR2ISS_AntCTL_HW\\RS485Tranceiver.sch'], u'6083CC27': [u'OD_Output3', u'C:\\Users\\Soeren\\Documents\\GitHub\\AR2ISS\\AR2ISS_AntCTL_HW\\OpenDrain.sch'], u'6074FD4F': [u'Rotor', u'C:\\Users\\Soeren\\Documents\\GitHub\\AR2ISS\\AR2ISS_AntCTL_HW\\Rotor.sch'], u'60679DF6': [u'LCD', u'C:\\Users\\Soeren\\Documents\\GitHub\\AR2ISS\\AR2ISS_AntCTL_HW\\LCD.sch'], u'60821709': [u'OD_Output', u'C:\\Users\\Soeren\\Documents\\GitHub\\AR2ISS\\AR2ISS_AntCTL_HW\\OpenDrain.sch']}
05-03 18:52:01 replicate_layout.replicatelayout 225:getting a list of all footprints on board
05-03 18:52:02 replicate_layout.action_replicate_layout 367:source anchor footprint is u'J13'
Located on:[u'RS422', u'RS485Tranceiver1', u'filter']
With filenames:[u'RS422.sch', u'RS485Tranceiver.sch', u'filter.sch']
With sheet_id:[u'RS422', u'RS485Tranceiver1', u'filter']
05-03 18:52:02 replicate_layout.action_replicate_layout 371:Corresponding footprints are 
[(u'J13', [u'RS422', u'RS485Tranceiver1', u'filter']), (u'J12', [u'RS422', u'RS485Tranceiver2', u'filter']), (u'J11', [u'RS422', u'RS485Tranceiver4', u'filter']), (u'J10', [u'RS422', u'RS485Tranceiver3', u'filter'])]
05-03 18:52:02 replicate_layout.action_replicate_layout 384:Showing dialog
05-03 18:52:02 replicate_layout.action_replicate_layout 388:Pcbnew position: wx.Point(3829, -11)
05-03 18:52:02 replicate_layout.action_replicate_layout 394:Display 0: wx.Rect(0, 0, 3840, 2160)
05-03 18:52:02 replicate_layout.action_replicate_layout 394:Display 1: wx.Rect(3840, 0, 3840, 2160)
05-03 18:52:02 replicate_layout.action_replicate_layout 398:Toolbar position: wx.Point(7318, 162)
05-03 18:52:02 replicate_layout.action_replicate_layout 405:Dialog position: wx.Point(7005, 162)
05-03 18:52:07 replicate_layout.replicatelayout 249:construcing a list of sheets suitable for replication on level:u'filter', file:u'filter.sch'
05-03 18:52:07 replicate_layout.replicatelayout 256:Source sheet path up to the level:[u'RS422', u'RS485Tranceiver1', u'filter']
05-03 18:52:07 replicate_layout.replicatelayout 260:Footprints on the sheets:
[u'J13', u'J12', u'J11', u'J10']
05-03 18:52:07 replicate_layout.replicatelayout 263:Footprints raw sheet ids:
[u'/6072829D/60727BD1/60999526/609A1A59', u'/6072829D/607938CE/60999526/609A1A59', u'/6072829D/60797D2F/60999526/609A1A59', u'/6072829D/60795F15/60999526/609A1A59']
05-03 18:52:07 replicate_layout.replicatelayout 279:All sheets to replicate:
[[u'RS422', u'RS485Tranceiver1', u'filter'], [u'RS422', u'RS485Tranceiver2', u'filter'], [u'RS422', u'RS485Tranceiver4', u'filter'], [u'RS422', u'RS485Tranceiver3', u'filter']]
05-03 18:52:07 replicate_layout.replicatelayout 284:All sheets to replicate sorted:
[[u'RS422', u'RS485Tranceiver1', u'filter'], [u'RS422', u'RS485Tranceiver2', u'filter'], [u'RS422', u'RS485Tranceiver3', u'filter'], [u'RS422', u'RS485Tranceiver4', u'filter']]
05-03 18:52:07 replicate_layout.replicatelayout 290:All sheets to replicate sorted and without source sheet:
[[u'RS422', u'RS485Tranceiver2', u'filter'], [u'RS422', u'RS485Tranceiver3', u'filter'], [u'RS422', u'RS485Tranceiver4', u'filter']]
05-03 18:52:19 replicate_layout.replicatelayout 249:construcing a list of sheets suitable for replication on level:u'filter', file:u'filter.sch'
05-03 18:52:19 replicate_layout.replicatelayout 256:Source sheet path up to the level:[u'RS422', u'RS485Tranceiver1', u'filter']
05-03 18:52:19 replicate_layout.replicatelayout 260:Footprints on the sheets:
[u'J13', u'J12', u'J11', u'J10']
05-03 18:52:19 replicate_layout.replicatelayout 263:Footprints raw sheet ids:
[u'/6072829D/60727BD1/60999526/609A1A59', u'/6072829D/607938CE/60999526/609A1A59', u'/6072829D/60797D2F/60999526/609A1A59', u'/6072829D/60795F15/60999526/609A1A59']
05-03 18:52:19 replicate_layout.replicatelayout 279:All sheets to replicate:
[[u'RS422', u'RS485Tranceiver1', u'filter'], [u'RS422', u'RS485Tranceiver2', u'filter'], [u'RS422', u'RS485Tranceiver4', u'filter'], [u'RS422', u'RS485Tranceiver3', u'filter']]
05-03 18:52:19 replicate_layout.replicatelayout 284:All sheets to replicate sorted:
[[u'RS422', u'RS485Tranceiver1', u'filter'], [u'RS422', u'RS485Tranceiver2', u'filter'], [u'RS422', u'RS485Tranceiver3', u'filter'], [u'RS422', u'RS485Tranceiver4', u'filter']]
05-03 18:52:19 replicate_layout.replicatelayout 290:All sheets to replicate sorted and without source sheet:
[[u'RS422', u'RS485Tranceiver2', u'filter'], [u'RS422', u'RS485Tranceiver3', u'filter'], [u'RS422', u'RS485Tranceiver4', u'filter']]
05-03 18:52:19 replicate_layout.action_replicate_layout 179:Replicating layout
05-03 18:52:19 replicate_layout.replicatelayout 994:Starting replication of sheets: [[u'RS422', u'RS485Tranceiver2', u'filter'], [u'RS422', u'RS485Tranceiver3', u'filter'], [u'RS422', u'RS485Tranceiver4', u'filter']]
on level: [u'RS422', u'RS485Tranceiver1', u'filter']
with tracks=True, zone=True, text=True, containing=True, remove=False, locked=False
05-03 18:52:19 root 261:updating GUI message: 'Preparing for replication'
05-03 18:52:19 root 266:updating GUI with: 0
05-03 18:52:19 replicate_layout.replicatelayout 556:Getting the list of source footprints
05-03 18:52:19 replicate_layout.replicatelayout 560:Getting the list of all the remaining footprints
05-03 18:52:19 replicate_layout.replicatelayout 564:Getting nets local to source footprints
05-03 18:52:19 replicate_layout.replicatelayout 568:Getting source bounding box
05-03 18:52:19 root 266:updating GUI with: 37
05-03 18:52:19 replicate_layout.replicatelayout 572:Getting source tracks
05-03 18:52:19 replicate_layout.replicatelayout 576:Getting source zones
05-03 18:52:19 root 266:updating GUI with: 62
05-03 18:52:19 replicate_layout.replicatelayout 580:Getting source text items
05-03 18:52:19 replicate_layout.replicatelayout 584:Getting source text items
05-03 18:52:19 root 261:updating GUI message: 'Replicating footprints'
05-03 18:52:19 replicate_layout.replicatelayout 590:Replicating footprints
05-03 18:52:19 replicate_layout.replicatelayout 596:Replicating footprints on sheet [u'RS422', u'RS485Tranceiver2', u'filter']
05-03 18:52:20 root 266:updating GUI with: 23
05-03 18:52:20 replicate_layout.replicatelayout 596:Replicating footprints on sheet [u'RS422', u'RS485Tranceiver3', u'filter']
05-03 18:52:20 root 266:updating GUI with: 58
05-03 18:52:20 replicate_layout.replicatelayout 596:Replicating footprints on sheet [u'RS422', u'RS485Tranceiver4', u'filter']
05-03 18:52:20 root 261:updating GUI message: 'Replicating tracks'
05-03 18:52:20 replicate_layout.replicatelayout 720:Replicating tracks
05-03 18:52:20 replicate_layout.replicatelayout 726:Replicating tracks on sheet [u'RS422', u'RS485Tranceiver2', u'filter']
05-03 18:52:20 root 266:updating GUI with: 1
05-03 18:52:20 replicate_layout.replicatelayout 726:Replicating tracks on sheet [u'RS422', u'RS485Tranceiver3', u'filter']
05-03 18:52:20 replicate_layout.replicatelayout 726:Replicating tracks on sheet [u'RS422', u'RS485Tranceiver4', u'filter']
05-03 18:52:20 root 261:updating GUI message: 'Replicating zones'
05-03 18:52:20 replicate_layout.replicatelayout 771:Replicating zones
05-03 18:52:20 replicate_layout.replicatelayout 778:Replicating zones on sheet [u'RS422', u'RS485Tranceiver2', u'filter']
05-03 18:52:20 root 266:updating GUI with: 33
05-03 18:52:20 replicate_layout.replicatelayout 778:Replicating zones on sheet [u'RS422', u'RS485Tranceiver3', u'filter']
05-03 18:52:20 replicate_layout.replicatelayout 778:Replicating zones on sheet [u'RS422', u'RS485Tranceiver4', u'filter']
05-03 18:52:20 root 261:updating GUI message: 'Replicating text'
05-03 18:52:20 replicate_layout.replicatelayout 837:Replicating text
05-03 18:52:20 replicate_layout.replicatelayout 844:Replicating text on sheet [u'RS422', u'RS485Tranceiver2', u'filter']
05-03 18:52:20 replicate_layout.replicatelayout 844:Replicating text on sheet [u'RS422', u'RS485Tranceiver3', u'filter']
05-03 18:52:20 replicate_layout.replicatelayout 844:Replicating text on sheet [u'RS422', u'RS485Tranceiver4', u'filter']
05-03 18:52:20 root 261:updating GUI message: 'Replicating drawings'
05-03 18:52:20 replicate_layout.replicatelayout 868:Replicating drawings
05-03 18:52:20 replicate_layout.replicatelayout 874:Replicating drawings on sheet [u'RS422', u'RS485Tranceiver2', u'filter']
05-03 18:52:20 replicate_layout.replicatelayout 874:Replicating drawings on sheet [u'RS422', u'RS485Tranceiver3', u'filter']
05-03 18:52:20 replicate_layout.replicatelayout 874:Replicating drawings on sheet [u'RS422', u'RS485Tranceiver4', u'filter']
05-03 18:52:20 replicate_layout.action_replicate_layout 201:Replication complete
